Started GET "/" for 127.0.0.1 at 2023-12-06 10:35:09 +0100
  
ActiveRecord::ConnectionNotEstablished (connection to server at "localhost" (::1), port 5432 failed: fe_sendauth: no password supplied
):
  
activerecord (7.1.2) lib/active_record/connection_adapters/postgresql_adapter.rb:80:in `rescue in new_client'
activerecord (7.1.2) lib/active_record/connection_adapters/postgresql_adapter.rb:68:in `new_client'
activerecord (7.1.2) lib/active_record/connection_adapters/postgresql_adapter.rb:980:in `connect'
activerecord (7.1.2) lib/active_record/connection_adapters/postgresql_adapter.rb:992:in `reconnect'
activerecord (7.1.2) lib/active_record/connection_adapters/abstract_adapter.rb:685:in `block in reconnect!'
activesupport (7.1.2) lib/active_support/concurrency/null_lock.rb:9:in `synchronize'
activerecord (7.1.2) lib/active_record/connection_adapters/abstract_adapter.rb:684:in `reconnect!'
activerecord (7.1.2) lib/active_record/connection_adapters/abstract_adapter.rb:788:in `verify!'
activerecord (7.1.2) lib/active_record/connection_adapters/abstract_adapter.rb:795:in `connect!'
activerecord (7.1.2) lib/active_record/connection_adapters/abstract_adapter.rb:1001:in `block in with_raw_connection'
activesupport (7.1.2) lib/active_support/concurrency/null_lock.rb:9:in `synchronize'
activerecord (7.1.2) lib/active_record/connection_adapters/abstract_adapter.rb:1000:in `with_raw_connection'
activerecord (7.1.2) lib/active_record/connection_adapters/abstract_adapter.rb:1113:in `valid_raw_connection'
activerecord (7.1.2) lib/active_record/connection_adapters/postgresql_adapter.rb:616:in `get_database_version'
activerecord (7.1.2) lib/active_record/connection_adapters/schema_cache.rb:374:in `database_version'
activerecord (7.1.2) lib/active_record/connection_adapters/schema_cache.rb:70:in `database_version'
activerecord (7.1.2) lib/active_record/connection_adapters/schema_cache.rb:200:in `database_version'
activerecord (7.1.2) lib/active_record/connection_adapters/abstract_adapter.rb:871:in `database_version'
activerecord (7.1.2) lib/active_record/connection_adapters/postgresql_adapter.rb:644:in `check_version'
activerecord (7.1.2) lib/active_record/connection_adapters/abstract/connection_pool.rb:675:in `new_connection'
activerecord (7.1.2) lib/active_record/connection_adapters/abstract/connection_pool.rb:720:in `checkout_new_connection'
activerecord (7.1.2) lib/active_record/connection_adapters/abstract/connection_pool.rb:699:in `try_to_checkout_new_connection'
activerecord (7.1.2) lib/active_record/connection_adapters/abstract/connection_pool.rb:657:in `acquire_connection'
activerecord (7.1.2) lib/active_record/connection_adapters/abstract/connection_pool.rb:355:in `checkout'
activerecord (7.1.2) lib/active_record/connection_adapters/abstract/connection_pool.rb:184:in `connection'
activerecord (7.1.2) lib/active_record/migration/pending_migration_connection.rb:8:in `establish_temporary_connection'
activerecord (7.1.2) lib/active_record/migration.rb:773:in `block in pending_migrations'
activerecord (7.1.2) lib/active_record/migration.rb:772:in `each'
activerecord (7.1.2) lib/active_record/migration.rb:772:in `pending_migrations'
activerecord (7.1.2) lib/active_record/migration.rb:751:in `check_pending_migrations'
activerecord (7.1.2) lib/active_record/migration.rb:643:in `block (2 levels) in call'
activesupport (7.1.2) lib/active_support/file_update_checker.rb:85:in `execute'
activerecord (7.1.2) lib/active_record/migration.rb:648:in `block in call'
activerecord (7.1.2) lib/active_record/migration.rb:640:in `synchronize'
activerecord (7.1.2) lib/active_record/migration.rb:640:in `call'
actionpack (7.1.2) lib/action_dispatch/middleware/callbacks.rb:29:in `block in call'
activesupport (7.1.2) lib/active_support/callbacks.rb:101:in `run_callbacks'
actionpack (7.1.2) lib/action_dispatch/middleware/callbacks.rb:28:in `call'
actionpack (7.1.2) lib/action_dispatch/middleware/executor.rb:14:in `call'
actionpack (7.1.2) lib/action_dispatch/middleware/actionable_exceptions.rb:16:in `call'
actionpack (7.1.2) lib/action_dispatch/middleware/debug_exceptions.rb:29:in `call'
web-console (4.2.1) lib/web_console/middleware.rb:132:in `call_app'
web-console (4.2.1) lib/web_console/middleware.rb:28:in `block in call'
web-console (4.2.1) lib/web_console/middleware.rb:17:in `catch'
web-console (4.2.1) lib/web_console/middleware.rb:17:in `call'
actionpack (7.1.2) lib/action_dispatch/middleware/show_exceptions.rb:31:in `call'
railties (7.1.2) lib/rails/rack/logger.rb:37:in `call_app'
railties (7.1.2) lib/rails/rack/logger.rb:24:in `block in call'
activesupport (7.1.2) lib/active_support/tagged_logging.rb:135:in `block in tagged'
activesupport (7.1.2) lib/active_support/tagged_logging.rb:39:in `tagged'
activesupport (7.1.2) lib/active_support/tagged_logging.rb:135:in `tagged'
activesupport (7.1.2) lib/active_support/broadcast_logger.rb:240:in `method_missing'
railties (7.1.2) lib/rails/rack/logger.rb:24:in `call'
sprockets-rails (3.4.2) lib/sprockets/rails/quiet_assets.rb:13:in `call'
actionpack (7.1.2) lib/action_dispatch/middleware/remote_ip.rb:92:in `call'
actionpack (7.1.2) lib/action_dispatch/middleware/request_id.rb:28:in `call'
rack (3.0.8) lib/rack/method_override.rb:28:in `call'
rack (3.0.8) lib/rack/runtime.rb:24:in `call'
activesupport (7.1.2) lib/active_support/cache/strategy/local_cache_middleware.rb:29:in `call'
actionpack (7.1.2) lib/action_dispatch/middleware/server_timing.rb:59:in `block in call'
actionpack (7.1.2) lib/action_dispatch/middleware/server_timing.rb:24:in `collect_events'
actionpack (7.1.2) lib/action_dispatch/middleware/server_timing.rb:58:in `call'
actionpack (7.1.2) lib/action_dispatch/middleware/executor.rb:14:in `call'
actionpack (7.1.2) lib/action_dispatch/middleware/static.rb:25:in `call'
rack (3.0.8) lib/rack/sendfile.rb:114:in `call'
actionpack (7.1.2) lib/action_dispatch/middleware/host_authorization.rb:141:in `call'
railties (7.1.2) lib/rails/engine.rb:529:in `call'
puma (6.4.0) lib/puma/configuration.rb:272:in `call'
puma (6.4.0) lib/puma/request.rb:100:in `block in handle_request'
puma (6.4.0) lib/puma/thread_pool.rb:378:in `with_force_shutdown'
puma (6.4.0) lib/puma/request.rb:99:in `handle_request'
puma (6.4.0) lib/puma/server.rb:443:in `process_client'
puma (6.4.0) lib/puma/server.rb:241:in `block in run'
puma (6.4.0) lib/puma/thread_pool.rb:155:in `block in spawn_thread'
Started GET "/" for 127.0.0.1 at 2023-12-06 13:16:16 +0100
  [1m[35m (2.0ms)[0m  [1m[35mCREATE TABLE "schema_migrations" ("version" varchar NOT NULL PRIMARY KEY)[0m
  [1m[35m (0.4ms)[0m  [1m[35mCREATE TABLE "ar_internal_metadata" ("key" varchar NOT NULL PRIMARY KEY, "value" varchar, "created_at" datetime(6) NOT NULL, "updated_at" datetime(6) NOT NULL)[0m
  [1m[36mActiveRecord::SchemaMigration Load (0.1ms)[0m  [1m[34mSELECT "schema_migrations"."version" FROM "schema_migrations" ORDER BY "schema_migrations"."version" ASC[0m
  
ActiveRecord::PendingMigrationError (

Migrations are pending. To resolve this issue, run:

        bin/rails db:migrate

You have 1 pending migration:

db/migrate/20231206113059_create_orders.rb


):
  
activerecord (7.1.2) lib/active_record/migration.rb:754:in `check_pending_migrations'
activerecord (7.1.2) lib/active_record/migration.rb:643:in `block (2 levels) in call'
activesupport (7.1.2) lib/active_support/file_update_checker.rb:85:in `execute'
activerecord (7.1.2) lib/active_record/migration.rb:648:in `block in call'
activerecord (7.1.2) lib/active_record/migration.rb:640:in `synchronize'
activerecord (7.1.2) lib/active_record/migration.rb:640:in `call'
actionpack (7.1.2) lib/action_dispatch/middleware/callbacks.rb:29:in `block in call'
activesupport (7.1.2) lib/active_support/callbacks.rb:101:in `run_callbacks'
actionpack (7.1.2) lib/action_dispatch/middleware/callbacks.rb:28:in `call'
actionpack (7.1.2) lib/action_dispatch/middleware/executor.rb:14:in `call'
actionpack (7.1.2) lib/action_dispatch/middleware/actionable_exceptions.rb:16:in `call'
actionpack (7.1.2) lib/action_dispatch/middleware/debug_exceptions.rb:29:in `call'
web-console (4.2.1) lib/web_console/middleware.rb:132:in `call_app'
web-console (4.2.1) lib/web_console/middleware.rb:28:in `block in call'
web-console (4.2.1) lib/web_console/middleware.rb:17:in `catch'
web-console (4.2.1) lib/web_console/middleware.rb:17:in `call'
actionpack (7.1.2) lib/action_dispatch/middleware/show_exceptions.rb:31:in `call'
railties (7.1.2) lib/rails/rack/logger.rb:37:in `call_app'
railties (7.1.2) lib/rails/rack/logger.rb:24:in `block in call'
activesupport (7.1.2) lib/active_support/tagged_logging.rb:135:in `block in tagged'
activesupport (7.1.2) lib/active_support/tagged_logging.rb:39:in `tagged'
activesupport (7.1.2) lib/active_support/tagged_logging.rb:135:in `tagged'
activesupport (7.1.2) lib/active_support/broadcast_logger.rb:240:in `method_missing'
railties (7.1.2) lib/rails/rack/logger.rb:24:in `call'
sprockets-rails (3.4.2) lib/sprockets/rails/quiet_assets.rb:13:in `call'
actionpack (7.1.2) lib/action_dispatch/middleware/remote_ip.rb:92:in `call'
actionpack (7.1.2) lib/action_dispatch/middleware/request_id.rb:28:in `call'
rack (3.0.8) lib/rack/method_override.rb:28:in `call'
rack (3.0.8) lib/rack/runtime.rb:24:in `call'
activesupport (7.1.2) lib/active_support/cache/strategy/local_cache_middleware.rb:29:in `call'
actionpack (7.1.2) lib/action_dispatch/middleware/server_timing.rb:59:in `block in call'
actionpack (7.1.2) lib/action_dispatch/middleware/server_timing.rb:24:in `collect_events'
actionpack (7.1.2) lib/action_dispatch/middleware/server_timing.rb:58:in `call'
actionpack (7.1.2) lib/action_dispatch/middleware/executor.rb:14:in `call'
actionpack (7.1.2) lib/action_dispatch/middleware/static.rb:25:in `call'
rack (3.0.8) lib/rack/sendfile.rb:114:in `call'
actionpack (7.1.2) lib/action_dispatch/middleware/host_authorization.rb:141:in `call'
railties (7.1.2) lib/rails/engine.rb:529:in `call'
puma (6.4.0) lib/puma/configuration.rb:272:in `call'
puma (6.4.0) lib/puma/request.rb:100:in `block in handle_request'
puma (6.4.0) lib/puma/thread_pool.rb:378:in `with_force_shutdown'
puma (6.4.0) lib/puma/request.rb:99:in `handle_request'
puma (6.4.0) lib/puma/server.rb:443:in `process_client'
puma (6.4.0) lib/puma/server.rb:241:in `block in run'
puma (6.4.0) lib/puma/thread_pool.rb:155:in `block in spawn_thread'
  [1m[36mActiveRecord::InternalMetadata Load (0.1ms)[0m  [1m[34mSELECT * FROM "ar_internal_metadata" WHERE "ar_internal_metadata"."key" = ? ORDER BY "ar_internal_metadata"."key" ASC LIMIT 1[0m  [[nil, "environment"]]
  [1m[36mActiveRecord::InternalMetadata Create (0.8ms)[0m  [1m[32mINSERT INTO "ar_internal_metadata" ("key", "value", "created_at", "updated_at") VALUES ('environment', 'development', '2023-12-06 12:16:38.517902', '2023-12-06 12:16:38.517906') RETURNING "key"[0m
  [1m[36mActiveRecord::SchemaMigration Load (0.1ms)[0m  [1m[34mSELECT "schema_migrations"."version" FROM "schema_migrations" ORDER BY "schema_migrations"."version" ASC[0m
Migrating to CreateOrders (20231206113059)
  [1m[36mTRANSACTION (0.1ms)[0m  [1m[36mbegin transaction[0m
  [1m[35m (1.7ms)[0m  [1m[35mCREATE TABLE "orders" ("id" integer PRIMARY KEY AUTOINCREMENT NOT NULL, "name" varchar, "created_at" datetime(6) NOT NULL, "updated_at" datetime(6) NOT NULL)[0m
  [1m[36mActiveRecord::SchemaMigration Create (0.2ms)[0m  [1m[32mINSERT INTO "schema_migrations" ("version") VALUES ('20231206113059') RETURNING "version"[0m
  [1m[36mTRANSACTION (0.2ms)[0m  [1m[36mcommit transaction[0m
  [1m[36mActiveRecord::SchemaMigration Load (0.3ms)[0m  [1m[34mSELECT "schema_migrations"."version" FROM "schema_migrations" ORDER BY "schema_migrations"."version" ASC[0m
Started GET "/" for 127.0.0.1 at 2023-12-06 13:16:52 +0100
  [1m[36mActiveRecord::SchemaMigration Load (0.1ms)[0m  [1m[34mSELECT "schema_migrations"."version" FROM "schema_migrations" ORDER BY "schema_migrations"."version" ASC[0m
Processing by OrdersController#index as HTML
  Rendering layout layouts/application.html.erb
  Rendering orders/index.html.erb within layouts/application
  Rendered orders/index.html.erb within layouts/application (Duration: 0.9ms | Allocations: 192)
  Rendered layout layouts/application.html.erb (Duration: 868.1ms | Allocations: 92807)
Completed 500 Internal Server Error in 936ms (ActiveRecord: 0.0ms | Allocations: 96061)


  
ActionView::Template::Error (Permission denied @ rb_file_s_rename - (C:/Users/Oliver/Documents/GitHub/AdvancedTopicsInSoftwareArchitecture/src/railsWebsite/tmp/cache/assets/sprockets/v4.0.0/cw/cw8v3S4HHxwmbxAJXEORTNUl17Zr5yxCdTpXA3rmb5s.cache.22340.23800.549052, C:/Users/Oliver/Documents/GitHub/AdvancedTopicsInSoftwareArchitecture/src/railsWebsite/tmp/cache/assets/sprockets/v4.0.0/cw/cw8v3S4HHxwmbxAJXEORTNUl17Zr5yxCdTpXA3rmb5s.cache)):
  
sprockets (4.2.1) lib/sprockets/path_utils.rb:362:in `rename'
sprockets (4.2.1) lib/sprockets/path_utils.rb:362:in `atomic_write'
sprockets (4.2.1) lib/sprockets/cache/file_store.rb:112:in `set'
sprockets (4.2.1) lib/sprockets/cache.rb:227:in `set'
sprockets (4.2.1) lib/sprockets/cache.rb:143:in `set'
sprockets (4.2.1) lib/sprockets/loader.rb:265:in `store_asset'
sprockets (4.2.1) lib/sprockets/loader.rb:228:in `load_from_unloaded'
sprockets (4.2.1) lib/sprockets/loader.rb:59:in `block in load'
sprockets (4.2.1) lib/sprockets/loader.rb:339:in `fetch_asset_from_dependency_cache'
sprockets (4.2.1) lib/sprockets/loader.rb:43:in `load'
sprockets (4.2.1) lib/sprockets/cached_environment.rb:44:in `block in load'
concurrent-ruby (1.2.2) lib/concurrent-ruby/concurrent/map.rb:207:in `block in fetch_or_store'
concurrent-ruby (1.2.2) lib/concurrent-ruby/concurrent/map.rb:187:in `fetch'
concurrent-ruby (1.2.2) lib/concurrent-ruby/concurrent/map.rb:206:in `fetch_or_store'
sprockets (4.2.1) lib/sprockets/cached_environment.rb:44:in `load'
sprockets (4.2.1) lib/sprockets/bundle.rb:32:in `block in call'
O:/Ruby31-x64/lib/ruby/3.1.0/set.rb:511:in `each_key'
O:/Ruby31-x64/lib/ruby/3.1.0/set.rb:511:in `each'
sprockets (4.2.1) lib/sprockets/bundle.rb:31:in `call'
sprockets (4.2.1) lib/sprockets/processor_utils.rb:84:in `call_processor'
sprockets (4.2.1) lib/sprockets/processor_utils.rb:66:in `block in call_processors'
sprockets (4.2.1) lib/sprockets/processor_utils.rb:65:in `reverse_each'
sprockets (4.2.1) lib/sprockets/processor_utils.rb:65:in `call_processors'
sprockets (4.2.1) lib/sprockets/loader.rb:184:in `load_from_unloaded'
sprockets (4.2.1) lib/sprockets/loader.rb:59:in `block in load'
sprockets (4.2.1) lib/sprockets/loader.rb:339:in `fetch_asset_from_dependency_cache'
sprockets (4.2.1) lib/sprockets/loader.rb:43:in `load'
sprockets (4.2.1) lib/sprockets/cached_environment.rb:44:in `block in load'
concurrent-ruby (1.2.2) lib/concurrent-ruby/concurrent/map.rb:207:in `block in fetch_or_store'
concurrent-ruby (1.2.2) lib/concurrent-ruby/concurrent/map.rb:187:in `fetch'
concurrent-ruby (1.2.2) lib/concurrent-ruby/concurrent/map.rb:206:in `fetch_or_store'
sprockets (4.2.1) lib/sprockets/cached_environment.rb:44:in `load'
sprockets (4.2.1) lib/sprockets/base.rb:81:in `find_asset'
sprockets (4.2.1) lib/sprockets/base.rb:88:in `find_all_linked_assets'
sprockets (4.2.1) lib/sprockets/manifest.rb:125:in `each'
sprockets (4.2.1) lib/sprockets/manifest.rb:125:in `to_a'
sprockets (4.2.1) lib/sprockets/manifest.rb:125:in `block (2 levels) in find'
concurrent-ruby (1.2.2) lib/concurrent-ruby/concurrent/executor/safe_task_executor.rb:24:in `block in execute'
concurrent-ruby (1.2.2) lib/concurrent-ruby/concurrent/synchronization/mutex_lockable_object.rb:48:in `block in synchronize'
concurrent-ruby (1.2.2) lib/concurrent-ruby/concurrent/synchronization/mutex_lockable_object.rb:48:in `synchronize'
concurrent-ruby (1.2.2) lib/concurrent-ruby/concurrent/synchronization/mutex_lockable_object.rb:48:in `synchronize'
concurrent-ruby (1.2.2) lib/concurrent-ruby/concurrent/executor/safe_task_executor.rb:22:in `execute'
concurrent-ruby (1.2.2) lib/concurrent-ruby/concurrent/promise.rb:564:in `block in realize'
concurrent-ruby (1.2.2) lib/concurrent-ruby/concurrent/executor/ruby_thread_pool_executor.rb:352:in `run_task'
concurrent-ruby (1.2.2) lib/concurrent-ruby/concurrent/executor/ruby_thread_pool_executor.rb:343:in `block (3 levels) in create_worker'
concurrent-ruby (1.2.2) lib/concurrent-ruby/concurrent/executor/ruby_thread_pool_executor.rb:334:in `loop'
concurrent-ruby (1.2.2) lib/concurrent-ruby/concurrent/executor/ruby_thread_pool_executor.rb:334:in `block (2 levels) in create_worker'
concurrent-ruby (1.2.2) lib/concurrent-ruby/concurrent/executor/ruby_thread_pool_executor.rb:333:in `catch'
concurrent-ruby (1.2.2) lib/concurrent-ruby/concurrent/executor/ruby_thread_pool_executor.rb:333:in `block in create_worker'
Started GET "/" for 127.0.0.1 at 2023-12-06 13:17:46 +0100
  [1m[36mActiveRecord::SchemaMigration Load (0.2ms)[0m  [1m[34mSELECT "schema_migrations"."version" FROM "schema_migrations" ORDER BY "schema_migrations"."version" ASC[0m
Processing by OrdersController#index as HTML
  Rendering layout layouts/application.html.erb
  Rendering orders/index.html.erb within layouts/application
  Rendered orders/index.html.erb within layouts/application (Duration: 0.9ms | Allocations: 192)
  Rendered layout layouts/application.html.erb (Duration: 211.9ms | Allocations: 40848)
Completed 200 OK in 238ms (Views: 228.5ms | ActiveRecord: 0.0ms | Allocations: 43599)


Started GET "/" for 127.0.0.1 at 2023-12-06 13:22:35 +0100
Processing by OrdersController#index as HTML
  Rendering layout layouts/application.html.erb
  Rendering orders/index.html.erb within layouts/application
  [1m[36mOrder Load (0.1ms)[0m  [1m[34mSELECT "orders".* FROM "orders"[0m
  ↳ app/views/orders/index.html.erb:2
  Rendered orders/index.html.erb within layouts/application (Duration: 91.0ms | Allocations: 11305)
  Rendered layout layouts/application.html.erb (Duration: 91.7ms | Allocations: 11400)
Completed 500 Internal Server Error in 365ms (ActiveRecord: 24.2ms | Allocations: 21405)


  
ActionView::Template::Error (undefined method `name' for nil:NilClass

'.freeze;@order.name 
               ^^^^^):
    1: <h1> Here is a list of your orders</h1>
    2: <%=@orders.each do |order| %>
    3: <%@order.name %>
    4: <%end %>
  
app/views/orders/index.html.erb:3
app/views/orders/index.html.erb:2
Started GET "/" for 127.0.0.1 at 2023-12-06 13:23:15 +0100
Processing by OrdersController#index as HTML
  Rendering layout layouts/application.html.erb
  Rendering orders/index.html.erb within layouts/application
  [1m[36mOrder Load (0.1ms)[0m  [1m[34mSELECT "orders".* FROM "orders"[0m
  ↳ app/views/orders/index.html.erb:2
  Rendered orders/index.html.erb within layouts/application (Duration: 8.7ms | Allocations: 5095)
  Rendered layout layouts/application.html.erb (Duration: 9.3ms | Allocations: 5180)
Completed 500 Internal Server Error in 26ms (ActiveRecord: 2.1ms | Allocations: 6981)


  
ActionView::Template::Error (undefined method `name' for nil:NilClass

  @order.name 
        ^^^^^):
    1: <h1> Here is a list of your orders</h1>
    2: <%@orders.each do |order| %>
    3:   <%@order.name %>
    4: <%end %>
  
app/views/orders/index.html.erb:3
app/views/orders/index.html.erb:2
Started GET "/" for 127.0.0.1 at 2023-12-06 13:23:48 +0100
Processing by OrdersController#index as HTML
  Rendering layout layouts/application.html.erb
  Rendering orders/index.html.erb within layouts/application
  [1m[36mOrder Load (0.1ms)[0m  [1m[34mSELECT "orders".* FROM "orders"[0m
  ↳ app/views/orders/index.html.erb:2
  Rendered orders/index.html.erb within layouts/application (Duration: 6.2ms | Allocations: 3495)
  Rendered layout layouts/application.html.erb (Duration: 41.7ms | Allocations: 18753)
Completed 200 OK in 57ms (Views: 46.8ms | ActiveRecord: 2.2ms | Allocations: 20582)


Started GET "/" for 127.0.0.1 at 2023-12-06 13:24:04 +0100
Processing by OrdersController#index as HTML
  Rendering layout layouts/application.html.erb
  Rendering orders/index.html.erb within layouts/application
  [1m[36mOrder Load (0.1ms)[0m  [1m[34mSELECT "orders".* FROM "orders"[0m
  ↳ app/views/orders/index.html.erb:2
  Rendered orders/index.html.erb within layouts/application (Duration: 1.3ms | Allocations: 586)
  Rendered layout layouts/application.html.erb (Duration: 9.4ms | Allocations: 2899)
Completed 200 OK in 14ms (Views: 10.3ms | ActiveRecord: 0.1ms | Allocations: 3194)


Started GET "/" for 127.0.0.1 at 2023-12-06 13:24:26 +0100
Processing by OrdersController#index as HTML
  Rendering layout layouts/application.html.erb
  Rendering orders/index.html.erb within layouts/application
  [1m[36mOrder Load (0.1ms)[0m  [1m[34mSELECT "orders".* FROM "orders"[0m
  ↳ app/views/orders/index.html.erb:2
  Rendered orders/index.html.erb within layouts/application (Duration: 7.4ms | Allocations: 4171)
  Rendered layout layouts/application.html.erb (Duration: 43.5ms | Allocations: 19425)
Completed 200 OK in 57ms (Views: 48.2ms | ActiveRecord: 1.8ms | Allocations: 21254)


Started GET "/" for 127.0.0.1 at 2023-12-06 13:24:34 +0100
Processing by OrdersController#index as HTML
  Rendering layout layouts/application.html.erb
  Rendering orders/index.html.erb within layouts/application
  [1m[36mOrder Load (0.1ms)[0m  [1m[34mSELECT "orders".* FROM "orders"[0m
  ↳ app/views/orders/index.html.erb:2
  Rendered orders/index.html.erb within layouts/application (Duration: 6.6ms | Allocations: 4122)
  Rendered layout layouts/application.html.erb (Duration: 53.6ms | Allocations: 19389)
Completed 200 OK in 75ms (Views: 63.0ms | ActiveRecord: 1.9ms | Allocations: 21218)


Started GET "/" for 127.0.0.1 at 2023-12-06 13:24:49 +0100
Processing by OrdersController#index as HTML
  Rendering layout layouts/application.html.erb
  Rendering orders/index.html.erb within layouts/application
  [1m[36mOrder Load (0.1ms)[0m  [1m[34mSELECT "orders".* FROM "orders"[0m
  ↳ app/views/orders/index.html.erb:2
  Rendered orders/index.html.erb within layouts/application (Duration: 6.9ms | Allocations: 3587)
  Rendered layout layouts/application.html.erb (Duration: 45.3ms | Allocations: 18842)
Completed 200 OK in 62ms (Views: 51.2ms | ActiveRecord: 2.1ms | Allocations: 20666)


Started GET "/orders/new" for 127.0.0.1 at 2023-12-06 13:24:53 +0100
Processing by OrdersController#new as HTML
Completed 406 Not Acceptable in 9ms (ActiveRecord: 0.0ms | Allocations: 786)


  
ActionController::MissingExactTemplate (OrdersController#new is missing a template for request formats: text/html):
  
actionpack (7.1.2) lib/action_controller/metal/implicit_render.rb:47:in `default_render'
actionpack (7.1.2) lib/action_controller/metal/basic_implicit_render.rb:7:in `send_action'
actionpack (7.1.2) lib/abstract_controller/base.rb:224:in `process_action'
actionpack (7.1.2) lib/action_controller/metal/rendering.rb:165:in `process_action'
actionpack (7.1.2) lib/abstract_controller/callbacks.rb:259:in `block in process_action'
activesupport (7.1.2) lib/active_support/callbacks.rb:121:in `block in run_callbacks'
actiontext (7.1.2) lib/action_text/rendering.rb:23:in `with_renderer'
actiontext (7.1.2) lib/action_text/engine.rb:69:in `block (4 levels) in <class:Engine>'
activesupport (7.1.2) lib/active_support/callbacks.rb:130:in `instance_exec'
activesupport (7.1.2) lib/active_support/callbacks.rb:130:in `block in run_callbacks'
activesupport (7.1.2) lib/active_support/callbacks.rb:141:in `run_callbacks'
actionpack (7.1.2) lib/abstract_controller/callbacks.rb:258:in `process_action'
actionpack (7.1.2) lib/action_controller/metal/rescue.rb:25:in `process_action'
actionpack (7.1.2) lib/action_controller/metal/instrumentation.rb:74:in `block in process_action'
activesupport (7.1.2) lib/active_support/notifications.rb:206:in `block in instrument'
activesupport (7.1.2) lib/active_support/notifications/instrumenter.rb:58:in `instrument'
activesupport (7.1.2) lib/active_support/notifications.rb:206:in `instrument'
actionpack (7.1.2) lib/action_controller/metal/instrumentation.rb:73:in `process_action'
actionpack (7.1.2) lib/action_controller/metal/params_wrapper.rb:261:in `process_action'
activerecord (7.1.2) lib/active_record/railties/controller_runtime.rb:32:in `process_action'
actionpack (7.1.2) lib/abstract_controller/base.rb:160:in `process'
actionview (7.1.2) lib/action_view/rendering.rb:40:in `process'
actionpack (7.1.2) lib/action_controller/metal.rb:227:in `dispatch'
actionpack (7.1.2) lib/action_controller/metal.rb:309:in `dispatch'
actionpack (7.1.2) lib/action_dispatch/routing/route_set.rb:49:in `dispatch'
actionpack (7.1.2) lib/action_dispatch/routing/route_set.rb:32:in `serve'
actionpack (7.1.2) lib/action_dispatch/journey/router.rb:51:in `block in serve'
actionpack (7.1.2) lib/action_dispatch/journey/router.rb:131:in `block in find_routes'
actionpack (7.1.2) lib/action_dispatch/journey/router.rb:124:in `each'
actionpack (7.1.2) lib/action_dispatch/journey/router.rb:124:in `find_routes'
actionpack (7.1.2) lib/action_dispatch/journey/router.rb:32:in `serve'
actionpack (7.1.2) lib/action_dispatch/routing/route_set.rb:882:in `call'
rack (3.0.8) lib/rack/tempfile_reaper.rb:20:in `call'
rack (3.0.8) lib/rack/etag.rb:29:in `call'
rack (3.0.8) lib/rack/conditional_get.rb:31:in `call'
rack (3.0.8) lib/rack/head.rb:15:in `call'
actionpack (7.1.2) lib/action_dispatch/http/permissions_policy.rb:36:in `call'
actionpack (7.1.2) lib/action_dispatch/http/content_security_policy.rb:33:in `call'
rack-session (2.0.0) lib/rack/session/abstract/id.rb:272:in `context'
rack-session (2.0.0) lib/rack/session/abstract/id.rb:266:in `call'
actionpack (7.1.2) lib/action_dispatch/middleware/cookies.rb:689:in `call'
activerecord (7.1.2) lib/active_record/migration.rb:654:in `call'
actionpack (7.1.2) lib/action_dispatch/middleware/callbacks.rb:29:in `block in call'
activesupport (7.1.2) lib/active_support/callbacks.rb:101:in `run_callbacks'
actionpack (7.1.2) lib/action_dispatch/middleware/callbacks.rb:28:in `call'
actionpack (7.1.2) lib/action_dispatch/middleware/executor.rb:14:in `call'
actionpack (7.1.2) lib/action_dispatch/middleware/actionable_exceptions.rb:16:in `call'
actionpack (7.1.2) lib/action_dispatch/middleware/debug_exceptions.rb:29:in `call'
web-console (4.2.1) lib/web_console/middleware.rb:132:in `call_app'
web-console (4.2.1) lib/web_console/middleware.rb:28:in `block in call'
web-console (4.2.1) lib/web_console/middleware.rb:17:in `catch'
web-console (4.2.1) lib/web_console/middleware.rb:17:in `call'
actionpack (7.1.2) lib/action_dispatch/middleware/show_exceptions.rb:31:in `call'
railties (7.1.2) lib/rails/rack/logger.rb:37:in `call_app'
railties (7.1.2) lib/rails/rack/logger.rb:24:in `block in call'
activesupport (7.1.2) lib/active_support/tagged_logging.rb:135:in `block in tagged'
activesupport (7.1.2) lib/active_support/tagged_logging.rb:39:in `tagged'
activesupport (7.1.2) lib/active_support/tagged_logging.rb:135:in `tagged'
activesupport (7.1.2) lib/active_support/broadcast_logger.rb:240:in `method_missing'
railties (7.1.2) lib/rails/rack/logger.rb:24:in `call'
sprockets-rails (3.4.2) lib/sprockets/rails/quiet_assets.rb:13:in `call'
actionpack (7.1.2) lib/action_dispatch/middleware/remote_ip.rb:92:in `call'
actionpack (7.1.2) lib/action_dispatch/middleware/request_id.rb:28:in `call'
rack (3.0.8) lib/rack/method_override.rb:28:in `call'
rack (3.0.8) lib/rack/runtime.rb:24:in `call'
activesupport (7.1.2) lib/active_support/cache/strategy/local_cache_middleware.rb:29:in `call'
actionpack (7.1.2) lib/action_dispatch/middleware/server_timing.rb:59:in `block in call'
actionpack (7.1.2) lib/action_dispatch/middleware/server_timing.rb:24:in `collect_events'
actionpack (7.1.2) lib/action_dispatch/middleware/server_timing.rb:58:in `call'
actionpack (7.1.2) lib/action_dispatch/middleware/executor.rb:14:in `call'
actionpack (7.1.2) lib/action_dispatch/middleware/static.rb:25:in `call'
rack (3.0.8) lib/rack/sendfile.rb:114:in `call'
actionpack (7.1.2) lib/action_dispatch/middleware/host_authorization.rb:141:in `call'
railties (7.1.2) lib/rails/engine.rb:529:in `call'
puma (6.4.0) lib/puma/configuration.rb:272:in `call'
puma (6.4.0) lib/puma/request.rb:100:in `block in handle_request'
puma (6.4.0) lib/puma/thread_pool.rb:378:in `with_force_shutdown'
puma (6.4.0) lib/puma/request.rb:99:in `handle_request'
puma (6.4.0) lib/puma/server.rb:443:in `process_client'
puma (6.4.0) lib/puma/server.rb:241:in `block in run'
puma (6.4.0) lib/puma/thread_pool.rb:155:in `block in spawn_thread'
Started GET "/orders/new" for 127.0.0.1 at 2023-12-06 13:25:26 +0100
Processing by OrdersController#new as HTML
  Rendering layout layouts/application.html.erb
  Rendering orders/new.html.erb within layouts/application
  Rendered orders/new.html.erb within layouts/application (Duration: 0.6ms | Allocations: 117)
  Rendered layout layouts/application.html.erb (Duration: 34.4ms | Allocations: 15408)
Completed 200 OK in 47ms (Views: 42.7ms | ActiveRecord: 0.0ms | Allocations: 16478)


Started GET "/" for 127.0.0.1 at 2023-12-06 13:28:28 +0100
Processing by OrdersController#index as HTML
  Rendering layout layouts/application.html.erb
  Rendering orders/index.html.erb within layouts/application
  [1m[36mOrder Load (0.1ms)[0m  [1m[34mSELECT "orders".* FROM "orders"[0m
  ↳ app/views/orders/index.html.erb:2
  Rendered orders/index.html.erb within layouts/application (Duration: 6.9ms | Allocations: 3583)
  Rendered layout layouts/application.html.erb (Duration: 15.4ms | Allocations: 6104)
Completed 200 OK in 136ms (Views: 14.1ms | ActiveRecord: 2.2ms | Allocations: 12751)


Started GET "/" for 127.0.0.1 at 2023-12-06 13:28:29 +0100
Processing by OrdersController#index as HTML
  Rendering layout layouts/application.html.erb
  Rendering orders/index.html.erb within layouts/application
  [1m[36mOrder Load (0.1ms)[0m  [1m[34mSELECT "orders".* FROM "orders"[0m
  ↳ app/views/orders/index.html.erb:2
  Rendered orders/index.html.erb within layouts/application (Duration: 1.7ms | Allocations: 618)
  Rendered layout layouts/application.html.erb (Duration: 10.4ms | Allocations: 2930)
Completed 200 OK in 14ms (Views: 11.5ms | ActiveRecord: 0.1ms | Allocations: 3208)


Started GET "/orders" for 127.0.0.1 at 2023-12-06 13:28:56 +0100
Processing by OrdersController#index as HTML
  Rendering layout layouts/application.html.erb
  Rendering orders/index.html.erb within layouts/application
  [1m[36mOrder Load (0.1ms)[0m  [1m[34mSELECT "orders".* FROM "orders"[0m
  ↳ app/views/orders/index.html.erb:2
  Rendered orders/index.html.erb within layouts/application (Duration: 1.5ms | Allocations: 617)
  Rendered layout layouts/application.html.erb (Duration: 11.0ms | Allocations: 2932)
Completed 200 OK in 15ms (Views: 11.8ms | ActiveRecord: 0.1ms | Allocations: 3206)


Started GET "/orders" for 127.0.0.1 at 2023-12-06 13:31:05 +0100
Processing by OrdersController#index as HTML
Completed 500 Internal Server Error in 9ms (ActiveRecord: 0.0ms | Allocations: 1900)


  
NoMethodError (undefined method `count' for nil:NilClass

    puts @order.count
               ^^^^^^):
  
app/controllers/orders_controller.rb:12:in `index'
Started GET "/orders" for 127.0.0.1 at 2023-12-06 13:31:14 +0100
Processing by OrdersController#index as HTML
  [1m[36mOrder Count (0.1ms)[0m  [1m[34mSELECT COUNT(*) FROM "orders"[0m
  ↳ app/controllers/orders_controller.rb:12:in `index'
  Rendering layout layouts/application.html.erb
  Rendering orders/index.html.erb within layouts/application
  [1m[36mOrder Load (0.1ms)[0m  [1m[34mSELECT "orders".* FROM "orders"[0m
  ↳ app/views/orders/index.html.erb:2
  Rendered orders/index.html.erb within layouts/application (Duration: 4.6ms | Allocations: 2932)
  Rendered layout layouts/application.html.erb (Duration: 36.6ms | Allocations: 18195)
Completed 200 OK in 55ms (Views: 43.9ms | ActiveRecord: 2.4ms | Allocations: 21383)


Started GET "/orders" for 127.0.0.1 at 2023-12-06 13:31:33 +0100
Processing by OrdersController#index as HTML
  [1m[36mOrder Count (0.1ms)[0m  [1m[34mSELECT COUNT(*) FROM "orders"[0m
  ↳ app/controllers/orders_controller.rb:12:in `index'
  Rendering layout layouts/application.html.erb
  Rendering orders/index.html.erb within layouts/application
  [1m[36mOrder Load (0.1ms)[0m  [1m[34mSELECT "orders".* FROM "orders"[0m
  ↳ app/views/orders/index.html.erb:2
  Rendered orders/index.html.erb within layouts/application (Duration: 3.8ms | Allocations: 2945)
  Rendered layout layouts/application.html.erb (Duration: 35.6ms | Allocations: 18205)
Completed 200 OK in 53ms (Views: 42.4ms | ActiveRecord: 1.9ms | Allocations: 21333)


Started GET "/orders" for 127.0.0.1 at 2023-12-06 13:31:59 +0100
Processing by OrdersController#index as HTML
  [1m[36mOrder Count (0.1ms)[0m  [1m[34mSELECT COUNT(*) FROM "orders"[0m
  ↳ app/controllers/orders_controller.rb:12:in `index'
  Rendering layout layouts/application.html.erb
  Rendering orders/index.html.erb within layouts/application
  [1m[36mOrder Load (0.1ms)[0m  [1m[34mSELECT "orders".* FROM "orders"[0m
  ↳ app/views/orders/index.html.erb:3
  Rendered orders/index.html.erb within layouts/application (Duration: 5.1ms | Allocations: 2950)
  Rendered layout layouts/application.html.erb (Duration: 63.4ms | Allocations: 18219)
Completed 200 OK in 86ms (Views: 72.2ms | ActiveRecord: 2.3ms | Allocations: 21347)


Started GET "/orders/new" for 127.0.0.1 at 2023-12-06 13:32:06 +0100
Processing by OrdersController#new as HTML
  Rendering layout layouts/application.html.erb
  Rendering orders/new.html.erb within layouts/application
  Rendered orders/new.html.erb within layouts/application (Duration: 2.0ms | Allocations: 86)
  Rendered layout layouts/application.html.erb (Duration: 13.1ms | Allocations: 2399)
Completed 200 OK in 82ms (Views: 17.8ms | ActiveRecord: 0.0ms | Allocations: 2736)


Started GET "/orders/new" for 127.0.0.1 at 2023-12-06 13:32:55 +0100
Processing by OrdersController#new as HTML
  Rendering layout layouts/application.html.erb
  Rendering orders/new.html.erb within layouts/application
  Rendered orders/new.html.erb within layouts/application (Duration: 60.3ms | Allocations: 2677)
  Rendered layout layouts/application.html.erb (Duration: 91.8ms | Allocations: 17741)
Completed 200 OK in 103ms (Views: 99.4ms | ActiveRecord: 0.0ms | Allocations: 18811)


Started POST "/orders/new" for 127.0.0.1 at 2023-12-06 13:33:00 +0100
  
ActionController::RoutingError (No route matches [POST] "/orders/new"):
  
Started GET "/orders/new" for 127.0.0.1 at 2023-12-06 13:33:00 +0100
Processing by OrdersController#new as HTML
  Rendering layout layouts/application.html.erb
  Rendering orders/new.html.erb within layouts/application
  Rendered orders/new.html.erb within layouts/application (Duration: 1.1ms | Allocations: 634)
  Rendered layout layouts/application.html.erb (Duration: 10.6ms | Allocations: 2884)
Completed 200 OK in 14ms (Views: 11.7ms | ActiveRecord: 0.0ms | Allocations: 3178)


Started GET "/orders/new" for 127.0.0.1 at 2023-12-06 13:34:29 +0100
Processing by OrdersController#new as HTML
  Rendering layout layouts/application.html.erb
  Rendering orders/new.html.erb within layouts/application
  Rendered orders/new.html.erb within layouts/application (Duration: 2.1ms | Allocations: 1720)
  Rendered layout layouts/application.html.erb (Duration: 34.2ms | Allocations: 16708)
Completed 200 OK in 55ms (Views: 42.4ms | ActiveRecord: 2.2ms | Allocations: 21121)


Started POST "/orders/new" for 127.0.0.1 at 2023-12-06 13:34:33 +0100
  
ActionController::RoutingError (No route matches [POST] "/orders/new"):
  
Started GET "/orders/new" for 127.0.0.1 at 2023-12-06 13:34:33 +0100
Processing by OrdersController#new as HTML
  Rendering layout layouts/application.html.erb
  Rendering orders/new.html.erb within layouts/application
  Rendered orders/new.html.erb within layouts/application (Duration: 1.1ms | Allocations: 636)
  Rendered layout layouts/application.html.erb (Duration: 8.5ms | Allocations: 2777)
Completed 200 OK in 12ms (Views: 9.6ms | ActiveRecord: 0.0ms | Allocations: 3078)


Started GET "/orders/new" for 127.0.0.1 at 2023-12-06 13:35:28 +0100
Processing by OrdersController#new as HTML
  Rendering layout layouts/application.html.erb
  Rendering orders/new.html.erb within layouts/application
  Rendered orders/new.html.erb within layouts/application (Duration: 3.1ms | Allocations: 1634)
  Rendered layout layouts/application.html.erb (Duration: 34.8ms | Allocations: 16621)
Completed 200 OK in 52ms (Views: 41.4ms | ActiveRecord: 1.9ms | Allocations: 21014)


Started POST "/orders/new" for 127.0.0.1 at 2023-12-06 13:35:32 +0100
  
ActionController::RoutingError (No route matches [POST] "/orders/new"):
  
Started GET "/orders/new" for 127.0.0.1 at 2023-12-06 13:35:32 +0100
Processing by OrdersController#new as HTML
  Rendering layout layouts/application.html.erb
  Rendering orders/new.html.erb within layouts/application
  Rendered orders/new.html.erb within layouts/application (Duration: 0.8ms | Allocations: 621)
  Rendered layout layouts/application.html.erb (Duration: 8.0ms | Allocations: 2762)
Completed 200 OK in 12ms (Views: 9.0ms | ActiveRecord: 0.0ms | Allocations: 3063)


Started GET "/orders/new" for 127.0.0.1 at 2023-12-06 13:36:28 +0100
Processing by OrdersController#new as HTML
  Rendering layout layouts/application.html.erb
  Rendering orders/new.html.erb within layouts/application
  Rendered orders/new.html.erb within layouts/application (Duration: 4.4ms | Allocations: 1653)
  Rendered layout layouts/application.html.erb (Duration: 42.8ms | Allocations: 16653)
Completed 200 OK in 67ms (Views: 54.6ms | ActiveRecord: 2.3ms | Allocations: 21046)


Started POST "/orders/new" for 127.0.0.1 at 2023-12-06 13:36:31 +0100
  
ActionController::RoutingError (No route matches [POST] "/orders/new"):
  
Started GET "/orders/new" for 127.0.0.1 at 2023-12-06 13:36:31 +0100
Processing by OrdersController#new as HTML
  Rendering layout layouts/application.html.erb
  Rendering orders/new.html.erb within layouts/application
  Rendered orders/new.html.erb within layouts/application (Duration: 0.8ms | Allocations: 644)
  Rendered layout layouts/application.html.erb (Duration: 10.4ms | Allocations: 2772)
Completed 200 OK in 14ms (Views: 11.3ms | ActiveRecord: 0.0ms | Allocations: 3073)


Started POST "/orders/new" for 127.0.0.1 at 2023-12-06 13:36:32 +0100
  
ActionController::RoutingError (No route matches [POST] "/orders/new"):
  
Started GET "/orders/new" for 127.0.0.1 at 2023-12-06 13:36:32 +0100
Processing by OrdersController#new as HTML
  Rendering layout layouts/application.html.erb
  Rendering orders/new.html.erb within layouts/application
  Rendered orders/new.html.erb within layouts/application (Duration: 0.9ms | Allocations: 641)
  Rendered layout layouts/application.html.erb (Duration: 8.7ms | Allocations: 2782)
Completed 200 OK in 14ms (Views: 9.8ms | ActiveRecord: 0.0ms | Allocations: 3057)


Started POST "/orders/new" for 127.0.0.1 at 2023-12-06 13:36:33 +0100
  
ActionController::RoutingError (No route matches [POST] "/orders/new"):
  
Started GET "/orders/new" for 127.0.0.1 at 2023-12-06 13:36:33 +0100
Processing by OrdersController#new as HTML
  Rendering layout layouts/application.html.erb
  Rendering orders/new.html.erb within layouts/application
  Rendered orders/new.html.erb within layouts/application (Duration: 1.0ms | Allocations: 650)
  Rendered layout layouts/application.html.erb (Duration: 7.7ms | Allocations: 2791)
Completed 200 OK in 11ms (Views: 8.5ms | ActiveRecord: 0.0ms | Allocations: 3066)


Started POST "/orders/new" for 127.0.0.1 at 2023-12-06 13:36:39 +0100
  
ActionController::RoutingError (No route matches [POST] "/orders/new"):
  
Started GET "/orders/new" for 127.0.0.1 at 2023-12-06 13:36:39 +0100
Processing by OrdersController#new as HTML
  Rendering layout layouts/application.html.erb
  Rendering orders/new.html.erb within layouts/application
  Rendered orders/new.html.erb within layouts/application (Duration: 0.9ms | Allocations: 638)
  Rendered layout layouts/application.html.erb (Duration: 10.2ms | Allocations: 2780)
Completed 200 OK in 14ms (Views: 11.4ms | ActiveRecord: 0.0ms | Allocations: 3055)


Started GET "/orders/new" for 127.0.0.1 at 2023-12-06 13:37:17 +0100
Processing by OrdersController#new as HTML
  Rendering layout layouts/application.html.erb
  Rendering orders/new.html.erb within layouts/application
  Rendered orders/new.html.erb within layouts/application (Duration: 2.0ms | Allocations: 1067)
  Rendered layout layouts/application.html.erb (Duration: 35.0ms | Allocations: 16055)
Completed 200 OK in 54ms (Views: 42.8ms | ActiveRecord: 1.9ms | Allocations: 20450)


Started POST "/orders" for 127.0.0.1 at 2023-12-06 13:37:20 +0100
Processing by OrdersController#create as TURBO_STREAM
  Parameters: {"authenticity_token"=>"[FILTERED]", "order"=>{"name"=>"W"}, "commit"=>"Save Order"}
  [1m[36mTRANSACTION (0.1ms)[0m  [1m[36mbegin transaction[0m
  ↳ app/controllers/orders_controller.rb:8:in `create'
  [1m[36mOrder Create (1.2ms)[0m  [1m[32mINSERT INTO "orders" ("name", "created_at", "updated_at") VALUES (?, ?, ?) RETURNING "id"[0m  [["name", nil], ["created_at", "2023-12-06 12:37:20.983981"], ["updated_at", "2023-12-06 12:37:20.983981"]]
  ↳ app/controllers/orders_controller.rb:8:in `create'
  [1m[36mTRANSACTION (0.1ms)[0m  [1m[36mcommit transaction[0m
  ↳ app/controllers/orders_controller.rb:8:in `create'
Redirected to http://127.0.0.1:3000/
Completed 302 Found in 8ms (ActiveRecord: 1.4ms | Allocations: 4088)


Started GET "/" for 127.0.0.1 at 2023-12-06 13:37:21 +0100
Processing by OrdersController#index as TURBO_STREAM
  [1m[36mOrder Count (0.1ms)[0m  [1m[34mSELECT COUNT(*) FROM "orders"[0m
  ↳ app/controllers/orders_controller.rb:17:in `index'
  Rendering layout layouts/application.html.erb
  Rendering orders/index.html.erb within layouts/application
  [1m[36mOrder Load (0.1ms)[0m  [1m[34mSELECT "orders".* FROM "orders"[0m
  ↳ app/views/orders/index.html.erb:3
  Rendered orders/index.html.erb within layouts/application (Duration: 2.0ms | Allocations: 842)
  Rendered layout layouts/application.html.erb (Duration: 8.3ms | Allocations: 3171)
Completed 200 OK in 14ms (Views: 9.1ms | ActiveRecord: 0.1ms | Allocations: 4220)


Started GET "/orders/new" for 127.0.0.1 at 2023-12-06 13:37:32 +0100
Processing by OrdersController#new as HTML
  Rendering layout layouts/application.html.erb
  Rendering orders/new.html.erb within layouts/application
  Rendered orders/new.html.erb within layouts/application (Duration: 1.0ms | Allocations: 579)
  Rendered layout layouts/application.html.erb (Duration: 8.4ms | Allocations: 2705)
Completed 200 OK in 12ms (Views: 9.3ms | ActiveRecord: 0.0ms | Allocations: 2983)


Started POST "/orders" for 127.0.0.1 at 2023-12-06 13:37:33 +0100
Processing by OrdersController#create as TURBO_STREAM
  Parameters: {"authenticity_token"=>"[FILTERED]", "order"=>{"name"=>"Q"}, "commit"=>"Save Order"}
  [1m[36mTRANSACTION (0.0ms)[0m  [1m[36mbegin transaction[0m
  ↳ app/controllers/orders_controller.rb:8:in `create'
  [1m[36mOrder Create (1.3ms)[0m  [1m[32mINSERT INTO "orders" ("name", "created_at", "updated_at") VALUES (?, ?, ?) RETURNING "id"[0m  [["name", nil], ["created_at", "2023-12-06 12:37:33.503899"], ["updated_at", "2023-12-06 12:37:33.503899"]]
  ↳ app/controllers/orders_controller.rb:8:in `create'
  [1m[36mTRANSACTION (0.1ms)[0m  [1m[36mcommit transaction[0m
  ↳ app/controllers/orders_controller.rb:8:in `create'
Redirected to http://127.0.0.1:3000/
Completed 302 Found in 7ms (ActiveRecord: 1.5ms | Allocations: 2263)


Started GET "/" for 127.0.0.1 at 2023-12-06 13:37:33 +0100
Processing by OrdersController#index as TURBO_STREAM
  [1m[36mOrder Count (0.1ms)[0m  [1m[34mSELECT COUNT(*) FROM "orders"[0m
  ↳ app/controllers/orders_controller.rb:17:in `index'
  Rendering layout layouts/application.html.erb
  Rendering orders/index.html.erb within layouts/application
  [1m[36mOrder Load (0.1ms)[0m  [1m[34mSELECT "orders".* FROM "orders"[0m
  ↳ app/views/orders/index.html.erb:3
  Rendered orders/index.html.erb within layouts/application (Duration: 1.2ms | Allocations: 635)
  Rendered layout layouts/application.html.erb (Duration: 7.5ms | Allocations: 2954)
Completed 200 OK in 13ms (Views: 8.3ms | ActiveRecord: 0.1ms | Allocations: 3747)


Started GET "/" for 127.0.0.1 at 2023-12-06 13:38:15 +0100
Processing by OrdersController#index as HTML
  [1m[36mOrder Count (0.7ms)[0m  [1m[34mSELECT COUNT(*) FROM "orders"[0m
  ↳ app/controllers/orders_controller.rb:17:in `index'
  Rendering layout layouts/application.html.erb
  Rendering orders/index.html.erb within layouts/application
  [1m[36mOrder Load (0.1ms)[0m  [1m[34mSELECT "orders".* FROM "orders"[0m
  ↳ app/views/orders/index.html.erb:3
  Rendered orders/index.html.erb within layouts/application (Duration: 4.9ms | Allocations: 2965)
  Rendered layout layouts/application.html.erb (Duration: 39.1ms | Allocations: 18235)
Completed 200 OK in 60ms (Views: 46.3ms | ActiveRecord: 4.0ms | Allocations: 21365)


Started GET "/" for 127.0.0.1 at 2023-12-06 13:38:59 +0100
Processing by OrdersController#index as HTML
  [1m[36mOrder Count (0.1ms)[0m  [1m[34mSELECT COUNT(*) FROM "orders"[0m
  ↳ app/controllers/orders_controller.rb:17:in `index'
  Rendering layout layouts/application.html.erb
  Rendering orders/index.html.erb within layouts/application
  [1m[36mOrder Load (0.1ms)[0m  [1m[34mSELECT "orders".* FROM "orders"[0m
  ↳ app/views/orders/index.html.erb:3
  Rendered orders/index.html.erb within layouts/application (Duration: 4.2ms | Allocations: 2965)
  Rendered layout layouts/application.html.erb (Duration: 38.9ms | Allocations: 18255)
Completed 200 OK in 59ms (Views: 47.9ms | ActiveRecord: 1.9ms | Allocations: 21383)


Started GET "/orders/new" for 127.0.0.1 at 2023-12-06 13:39:02 +0100
Processing by OrdersController#new as HTML
  Rendering layout layouts/application.html.erb
  Rendering orders/new.html.erb within layouts/application
  Rendered orders/new.html.erb within layouts/application (Duration: 1.6ms | Allocations: 873)
  Rendered layout layouts/application.html.erb (Duration: 7.8ms | Allocations: 2999)
Completed 200 OK in 13ms (Views: 8.7ms | ActiveRecord: 0.0ms | Allocations: 3365)


Started POST "/orders" for 127.0.0.1 at 2023-12-06 13:39:03 +0100
Processing by OrdersController#create as TURBO_STREAM
  Parameters: {"authenticity_token"=>"[FILTERED]", "order"=>{"name"=>"Q"}, "commit"=>"Save Order"}
  [1m[36mTRANSACTION (0.0ms)[0m  [1m[36mbegin transaction[0m
  ↳ app/controllers/orders_controller.rb:8:in `create'
  [1m[36mOrder Create (1.2ms)[0m  [1m[32mINSERT INTO "orders" ("name", "created_at", "updated_at") VALUES (?, ?, ?) RETURNING "id"[0m  [["name", "Q"], ["created_at", "2023-12-06 12:39:03.831638"], ["updated_at", "2023-12-06 12:39:03.831638"]]
  ↳ app/controllers/orders_controller.rb:8:in `create'
  [1m[36mTRANSACTION (0.1ms)[0m  [1m[36mcommit transaction[0m
  ↳ app/controllers/orders_controller.rb:8:in `create'
Redirected to http://127.0.0.1:3000/
Completed 302 Found in 8ms (ActiveRecord: 1.3ms | Allocations: 2589)


Started GET "/" for 127.0.0.1 at 2023-12-06 13:39:03 +0100
Processing by OrdersController#index as TURBO_STREAM
  [1m[36mOrder Count (0.1ms)[0m  [1m[34mSELECT COUNT(*) FROM "orders"[0m
  ↳ app/controllers/orders_controller.rb:17:in `index'
  Rendering layout layouts/application.html.erb
  Rendering orders/index.html.erb within layouts/application
  [1m[36mOrder Load (0.1ms)[0m  [1m[34mSELECT "orders".* FROM "orders"[0m
  ↳ app/views/orders/index.html.erb:3
  Rendered orders/index.html.erb within layouts/application (Duration: 1.2ms | Allocations: 648)
  Rendered layout layouts/application.html.erb (Duration: 9.9ms | Allocations: 2973)
Completed 200 OK in 15ms (Views: 10.7ms | ActiveRecord: 0.2ms | Allocations: 3820)


  [1m[36mActiveRecord::InternalMetadata Load (0.2ms)[0m  [1m[34mSELECT * FROM "ar_internal_metadata" WHERE "ar_internal_metadata"."key" = ? ORDER BY "ar_internal_metadata"."key" ASC LIMIT 1[0m  [[nil, "environment"]]
  [1m[36mActiveRecord::SchemaMigration Load (0.1ms)[0m  [1m[34mSELECT "schema_migrations"."version" FROM "schema_migrations" ORDER BY "schema_migrations"."version" ASC[0m
Migrating to AddVariablesToOrders (20231206125018)
  [1m[36mTRANSACTION (0.1ms)[0m  [1m[36mbegin transaction[0m
  [1m[35m (1.1ms)[0m  [1m[35mALTER TABLE "orders" ADD "wheel" varchar[0m
  [1m[35m (0.2ms)[0m  [1m[35mALTER TABLE "orders" ADD "engine" varchar[0m
  [1m[35m (0.2ms)[0m  [1m[35mALTER TABLE "orders" ADD "gun" varchar[0m
  [1m[35m (0.1ms)[0m  [1m[35mALTER TABLE "orders" ADD "welding" varchar[0m
  [1m[35m (0.1ms)[0m  [1m[35mALTER TABLE "orders" ADD "ammo" varchar[0m
  [1m[35m (0.2ms)[0m  [1m[35mALTER TABLE "orders" ADD "isDone" boolean[0m
  [1m[35m (0.2ms)[0m  [1m[35mALTER TABLE "orders" ADD "orderDeliveredToScheduler" boolean[0m
  [1m[36mActiveRecord::SchemaMigration Create (0.1ms)[0m  [1m[32mINSERT INTO "schema_migrations" ("version") VALUES ('20231206125018') RETURNING "version"[0m
  [1m[36mTRANSACTION (0.1ms)[0m  [1m[36mcommit transaction[0m
  [1m[36mActiveRecord::SchemaMigration Load (0.1ms)[0m  [1m[34mSELECT "schema_migrations"."version" FROM "schema_migrations" ORDER BY "schema_migrations"."version" ASC[0m
  [1m[36mActiveRecord::InternalMetadata Load (0.3ms)[0m  [1m[34mSELECT * FROM "ar_internal_metadata" WHERE "ar_internal_metadata"."key" = ? ORDER BY "ar_internal_metadata"."key" ASC LIMIT 1[0m  [[nil, "environment"]]
  [1m[36mActiveRecord::SchemaMigration Load (0.1ms)[0m  [1m[34mSELECT "schema_migrations"."version" FROM "schema_migrations" ORDER BY "schema_migrations"."version" ASC[0m
Migrating to ChangeVariableTypesForProducts (20231206125531)
  [1m[36mTRANSACTION (0.1ms)[0m  [1m[36mbegin transaction[0m
  [1m[35m (0.0ms)[0m  [1m[35mPRAGMA foreign_keys[0m
  [1m[35m (0.0ms)[0m  [1m[35mPRAGMA defer_foreign_keys[0m
  [1m[35m (0.0ms)[0m  [1m[35mPRAGMA defer_foreign_keys = ON[0m
  [1m[35m (0.0ms)[0m  [1m[35mPRAGMA foreign_keys = OFF[0m
  [1m[35m (0.2ms)[0m  [1m[35mCREATE TEMPORARY TABLE "aorders" ("id" integer PRIMARY KEY AUTOINCREMENT NOT NULL, "name" varchar DEFAULT NULL, "created_at" datetime(6) NOT NULL, "updated_at" datetime(6) NOT NULL, "wheel" varchar DEFAULT NULL, "engine" varchar DEFAULT NULL, "gun" varchar DEFAULT NULL, "welding" varchar DEFAULT NULL, "ammo" varchar DEFAULT NULL, "isDone" boolean DEFAULT NULL, "orderDeliveredToScheduler" boolean DEFAULT NULL)[0m
  [1m[35m (0.1ms)[0m  [1m[32mINSERT INTO "aorders" ("id","name","created_at","updated_at","wheel","engine","gun","welding","ammo","isDone","orderDeliveredToScheduler")
                     SELECT "id","name","created_at","updated_at","wheel","engine","gun","welding","ammo","isDone","orderDeliveredToScheduler" FROM "orders"[0m
  [1m[35m (0.1ms)[0m  [1m[35mDROP TABLE "orders"[0m
  [1m[35m (0.3ms)[0m  [1m[35mCREATE TABLE "orders" ("id" integer PRIMARY KEY AUTOINCREMENT NOT NULL, "name" varchar DEFAULT NULL, "created_at" datetime(6) NOT NULL, "updated_at" datetime(6) NOT NULL, "wheel" integer, "engine" varchar DEFAULT NULL, "gun" varchar DEFAULT NULL, "welding" varchar DEFAULT NULL, "ammo" varchar DEFAULT NULL, "isDone" boolean DEFAULT NULL, "orderDeliveredToScheduler" boolean DEFAULT NULL)[0m
  [1m[35m (0.1ms)[0m  [1m[32mINSERT INTO "orders" ("id","name","created_at","updated_at","wheel","engine","gun","welding","ammo","isDone","orderDeliveredToScheduler")
                     SELECT "id","name","created_at","updated_at","wheel","engine","gun","welding","ammo","isDone","orderDeliveredToScheduler" FROM "aorders"[0m
  [1m[35m (0.3ms)[0m  [1m[35mDROP TABLE "aorders"[0m
  [1m[35m (0.1ms)[0m  [1m[35mPRAGMA defer_foreign_keys = 0[0m
  [1m[35m (0.1ms)[0m  [1m[35mPRAGMA foreign_keys = 1[0m
  [1m[35m (0.1ms)[0m  [1m[35mPRAGMA foreign_keys[0m
  [1m[35m (0.1ms)[0m  [1m[35mPRAGMA defer_foreign_keys[0m
  [1m[35m (0.1ms)[0m  [1m[35mPRAGMA defer_foreign_keys = ON[0m
  [1m[35m (0.1ms)[0m  [1m[35mPRAGMA foreign_keys = OFF[0m
  [1m[35m (0.2ms)[0m  [1m[35mCREATE TEMPORARY TABLE "aorders" ("id" integer PRIMARY KEY AUTOINCREMENT NOT NULL, "name" varchar DEFAULT NULL, "created_at" datetime(6) NOT NULL, "updated_at" datetime(6) NOT NULL, "wheel" integer DEFAULT NULL, "engine" varchar DEFAULT NULL, "gun" varchar DEFAULT NULL, "welding" varchar DEFAULT NULL, "ammo" varchar DEFAULT NULL, "isDone" boolean DEFAULT NULL, "orderDeliveredToScheduler" boolean DEFAULT NULL)[0m
  [1m[35m (0.1ms)[0m  [1m[32mINSERT INTO "aorders" ("id","name","created_at","updated_at","wheel","engine","gun","welding","ammo","isDone","orderDeliveredToScheduler")
                     SELECT "id","name","created_at","updated_at","wheel","engine","gun","welding","ammo","isDone","orderDeliveredToScheduler" FROM "orders"[0m
  [1m[35m (0.1ms)[0m  [1m[35mDROP TABLE "orders"[0m
  [1m[35m (0.1ms)[0m  [1m[35mCREATE TABLE "orders" ("id" integer PRIMARY KEY AUTOINCREMENT NOT NULL, "name" varchar DEFAULT NULL, "created_at" datetime(6) NOT NULL, "updated_at" datetime(6) NOT NULL, "wheel" integer DEFAULT NULL, "engine" integer, "gun" varchar DEFAULT NULL, "welding" varchar DEFAULT NULL, "ammo" varchar DEFAULT NULL, "isDone" boolean DEFAULT NULL, "orderDeliveredToScheduler" boolean DEFAULT NULL)[0m
  [1m[35m (0.0ms)[0m  [1m[32mINSERT INTO "orders" ("id","name","created_at","updated_at","wheel","engine","gun","welding","ammo","isDone","orderDeliveredToScheduler")
                     SELECT "id","name","created_at","updated_at","wheel","engine","gun","welding","ammo","isDone","orderDeliveredToScheduler" FROM "aorders"[0m
  [1m[35m (0.1ms)[0m  [1m[35mDROP TABLE "aorders"[0m
  [1m[35m (0.0ms)[0m  [1m[35mPRAGMA defer_foreign_keys = 0[0m
  [1m[35m (0.0ms)[0m  [1m[35mPRAGMA foreign_keys = 1[0m
  [1m[35m (0.0ms)[0m  [1m[35mPRAGMA foreign_keys[0m
  [1m[35m (0.0ms)[0m  [1m[35mPRAGMA defer_foreign_keys[0m
  [1m[35m (0.0ms)[0m  [1m[35mPRAGMA defer_foreign_keys = ON[0m
  [1m[35m (0.0ms)[0m  [1m[35mPRAGMA foreign_keys = OFF[0m
  [1m[35m (0.1ms)[0m  [1m[35mCREATE TEMPORARY TABLE "aorders" ("id" integer PRIMARY KEY AUTOINCREMENT NOT NULL, "name" varchar DEFAULT NULL, "created_at" datetime(6) NOT NULL, "updated_at" datetime(6) NOT NULL, "wheel" integer DEFAULT NULL, "engine" integer DEFAULT NULL, "gun" varchar DEFAULT NULL, "welding" varchar DEFAULT NULL, "ammo" varchar DEFAULT NULL, "isDone" boolean DEFAULT NULL, "orderDeliveredToScheduler" boolean DEFAULT NULL)[0m
  [1m[35m (0.0ms)[0m  [1m[32mINSERT INTO "aorders" ("id","name","created_at","updated_at","wheel","engine","gun","welding","ammo","isDone","orderDeliveredToScheduler")
                     SELECT "id","name","created_at","updated_at","wheel","engine","gun","welding","ammo","isDone","orderDeliveredToScheduler" FROM "orders"[0m
  [1m[35m (0.1ms)[0m  [1m[35mDROP TABLE "orders"[0m
  [1m[35m (0.1ms)[0m  [1m[35mCREATE TABLE "orders" ("id" integer PRIMARY KEY AUTOINCREMENT NOT NULL, "name" varchar DEFAULT NULL, "created_at" datetime(6) NOT NULL, "updated_at" datetime(6) NOT NULL, "wheel" integer DEFAULT NULL, "engine" integer DEFAULT NULL, "gun" integer, "welding" varchar DEFAULT NULL, "ammo" varchar DEFAULT NULL, "isDone" boolean DEFAULT NULL, "orderDeliveredToScheduler" boolean DEFAULT NULL)[0m
  [1m[35m (0.0ms)[0m  [1m[32mINSERT INTO "orders" ("id","name","created_at","updated_at","wheel","engine","gun","welding","ammo","isDone","orderDeliveredToScheduler")
                     SELECT "id","name","created_at","updated_at","wheel","engine","gun","welding","ammo","isDone","orderDeliveredToScheduler" FROM "aorders"[0m
  [1m[35m (0.1ms)[0m  [1m[35mDROP TABLE "aorders"[0m
  [1m[35m (0.0ms)[0m  [1m[35mPRAGMA defer_foreign_keys = 0[0m
  [1m[35m (0.0ms)[0m  [1m[35mPRAGMA foreign_keys = 1[0m
  [1m[35m (0.0ms)[0m  [1m[35mPRAGMA foreign_keys[0m
  [1m[35m (0.0ms)[0m  [1m[35mPRAGMA defer_foreign_keys[0m
  [1m[35m (0.0ms)[0m  [1m[35mPRAGMA defer_foreign_keys = ON[0m
  [1m[35m (0.0ms)[0m  [1m[35mPRAGMA foreign_keys = OFF[0m
  [1m[35m (0.1ms)[0m  [1m[35mCREATE TEMPORARY TABLE "aorders" ("id" integer PRIMARY KEY AUTOINCREMENT NOT NULL, "name" varchar DEFAULT NULL, "created_at" datetime(6) NOT NULL, "updated_at" datetime(6) NOT NULL, "wheel" integer DEFAULT NULL, "engine" integer DEFAULT NULL, "gun" integer DEFAULT NULL, "welding" varchar DEFAULT NULL, "ammo" varchar DEFAULT NULL, "isDone" boolean DEFAULT NULL, "orderDeliveredToScheduler" boolean DEFAULT NULL)[0m
  [1m[35m (0.1ms)[0m  [1m[32mINSERT INTO "aorders" ("id","name","created_at","updated_at","wheel","engine","gun","welding","ammo","isDone","orderDeliveredToScheduler")
                     SELECT "id","name","created_at","updated_at","wheel","engine","gun","welding","ammo","isDone","orderDeliveredToScheduler" FROM "orders"[0m
  [1m[35m (0.1ms)[0m  [1m[35mDROP TABLE "orders"[0m
  [1m[35m (0.1ms)[0m  [1m[35mCREATE TABLE "orders" ("id" integer PRIMARY KEY AUTOINCREMENT NOT NULL, "name" varchar DEFAULT NULL, "created_at" datetime(6) NOT NULL, "updated_at" datetime(6) NOT NULL, "wheel" integer DEFAULT NULL, "engine" integer DEFAULT NULL, "gun" integer DEFAULT NULL, "welding" integer, "ammo" varchar DEFAULT NULL, "isDone" boolean DEFAULT NULL, "orderDeliveredToScheduler" boolean DEFAULT NULL)[0m
  [1m[35m (0.0ms)[0m  [1m[32mINSERT INTO "orders" ("id","name","created_at","updated_at","wheel","engine","gun","welding","ammo","isDone","orderDeliveredToScheduler")
                     SELECT "id","name","created_at","updated_at","wheel","engine","gun","welding","ammo","isDone","orderDeliveredToScheduler" FROM "aorders"[0m
  [1m[35m (0.1ms)[0m  [1m[35mDROP TABLE "aorders"[0m
  [1m[35m (0.0ms)[0m  [1m[35mPRAGMA defer_foreign_keys = 0[0m
  [1m[35m (0.0ms)[0m  [1m[35mPRAGMA foreign_keys = 1[0m
  [1m[35m (0.0ms)[0m  [1m[35mPRAGMA foreign_keys[0m
  [1m[35m (0.0ms)[0m  [1m[35mPRAGMA defer_foreign_keys[0m
  [1m[35m (0.0ms)[0m  [1m[35mPRAGMA defer_foreign_keys = ON[0m
  [1m[35m (0.0ms)[0m  [1m[35mPRAGMA foreign_keys = OFF[0m
  [1m[35m (0.2ms)[0m  [1m[35mCREATE TEMPORARY TABLE "aorders" ("id" integer PRIMARY KEY AUTOINCREMENT NOT NULL, "name" varchar DEFAULT NULL, "created_at" datetime(6) NOT NULL, "updated_at" datetime(6) NOT NULL, "wheel" integer DEFAULT NULL, "engine" integer DEFAULT NULL, "gun" integer DEFAULT NULL, "welding" integer DEFAULT NULL, "ammo" varchar DEFAULT NULL, "isDone" boolean DEFAULT NULL, "orderDeliveredToScheduler" boolean DEFAULT NULL)[0m
  [1m[35m (0.0ms)[0m  [1m[32mINSERT INTO "aorders" ("id","name","created_at","updated_at","wheel","engine","gun","welding","ammo","isDone","orderDeliveredToScheduler")
                     SELECT "id","name","created_at","updated_at","wheel","engine","gun","welding","ammo","isDone","orderDeliveredToScheduler" FROM "orders"[0m
  [1m[35m (0.1ms)[0m  [1m[35mDROP TABLE "orders"[0m
  [1m[35m (0.1ms)[0m  [1m[35mCREATE TABLE "orders" ("id" integer PRIMARY KEY AUTOINCREMENT NOT NULL, "name" varchar DEFAULT NULL, "created_at" datetime(6) NOT NULL, "updated_at" datetime(6) NOT NULL, "wheel" integer DEFAULT NULL, "engine" integer DEFAULT NULL, "gun" integer DEFAULT NULL, "welding" integer DEFAULT NULL, "ammo" integer, "isDone" boolean DEFAULT NULL, "orderDeliveredToScheduler" boolean DEFAULT NULL)[0m
  [1m[35m (0.0ms)[0m  [1m[32mINSERT INTO "orders" ("id","name","created_at","updated_at","wheel","engine","gun","welding","ammo","isDone","orderDeliveredToScheduler")
                     SELECT "id","name","created_at","updated_at","wheel","engine","gun","welding","ammo","isDone","orderDeliveredToScheduler" FROM "aorders"[0m
  [1m[35m (0.1ms)[0m  [1m[35mDROP TABLE "aorders"[0m
  [1m[35m (0.0ms)[0m  [1m[35mPRAGMA defer_foreign_keys = 0[0m
  [1m[35m (0.0ms)[0m  [1m[35mPRAGMA foreign_keys = 1[0m
  [1m[36mActiveRecord::SchemaMigration Create (0.1ms)[0m  [1m[32mINSERT INTO "schema_migrations" ("version") VALUES ('20231206125531') RETURNING "version"[0m
  [1m[36mTRANSACTION (0.4ms)[0m  [1m[36mcommit transaction[0m
  [1m[36mActiveRecord::SchemaMigration Load (0.0ms)[0m  [1m[34mSELECT "schema_migrations"."version" FROM "schema_migrations" ORDER BY "schema_migrations"."version" ASC[0m
Started GET "/" for 127.0.0.1 at 2023-12-06 13:57:34 +0100
  [1m[36mActiveRecord::SchemaMigration Load (0.1ms)[0m  [1m[34mSELECT "schema_migrations"."version" FROM "schema_migrations" ORDER BY "schema_migrations"."version" ASC[0m
Processing by OrdersController#index as HTML
Completed 500 Internal Server Error in 19ms (ActiveRecord: 0.0ms | Allocations: 3693)


  
RuntimeError (Undeclared attribute type for enum 'wheel'. Enums must be backed by a database column or declared with an explicit type via `attribute`.):
  
app/controllers/orders_controller.rb:17:in `index'
Started GET "/" for 127.0.0.1 at 2023-12-06 13:57:48 +0100
Processing by OrdersController#index as HTML
  Rendering layout layouts/application.html.erb
  Rendering orders/index.html.erb within layouts/application
  [1m[36mOrder Load (0.1ms)[0m  [1m[34mSELECT "orders".* FROM "orders"[0m
  ↳ app/views/orders/index.html.erb:3
  Rendered orders/index.html.erb within layouts/application (Duration: 53.7ms | Allocations: 12465)
  Rendered layout layouts/application.html.erb (Duration: 109.1ms | Allocations: 27745)
Completed 200 OK in 137ms (Views: 115.6ms | ActiveRecord: 1.8ms | Allocations: 31466)


Started GET "/orders/new" for 127.0.0.1 at 2023-12-06 13:58:05 +0100
Processing by OrdersController#new as HTML
  Rendering layout layouts/application.html.erb
  Rendering orders/new.html.erb within layouts/application
  Rendered orders/new.html.erb within layouts/application (Duration: 16.9ms | Allocations: 1948)
  Rendered layout layouts/application.html.erb (Duration: 23.8ms | Allocations: 4079)
Completed 200 OK in 33ms (Views: 28.6ms | ActiveRecord: 0.0ms | Allocations: 4452)


Started GET "/" for 127.0.0.1 at 2023-12-06 13:59:25 +0100
Processing by OrdersController#index as HTML
  Rendering layout layouts/application.html.erb
  Rendering orders/index.html.erb within layouts/application
  [1m[36mOrder Load (0.1ms)[0m  [1m[34mSELECT "orders".* FROM "orders"[0m
  ↳ app/views/orders/index.html.erb:3
  Rendered orders/index.html.erb within layouts/application (Duration: 12.9ms | Allocations: 6031)
  Rendered layout layouts/application.html.erb (Duration: 57.7ms | Allocations: 21311)
Completed 200 OK in 82ms (Views: 62.8ms | ActiveRecord: 2.0ms | Allocations: 25028)


Started GET "/orders/new" for 127.0.0.1 at 2023-12-06 13:59:28 +0100
Processing by OrdersController#new as HTML
  Rendering layout layouts/application.html.erb
  Rendering orders/new.html.erb within layouts/application
  Rendered orders/new.html.erb within layouts/application (Duration: 64.6ms | Allocations: 2767)
  Rendered layout layouts/application.html.erb (Duration: 72.3ms | Allocations: 5028)
Completed 200 OK in 77ms (Views: 73.4ms | ActiveRecord: 0.0ms | Allocations: 5421)


Started GET "/orders/new" for 127.0.0.1 at 2023-12-06 14:01:12 +0100
Processing by OrdersController#new as HTML
  Rendering layout layouts/application.html.erb
  Rendering orders/new.html.erb within layouts/application
  Rendered orders/new.html.erb within layouts/application (Duration: 3.1ms | Allocations: 2800)
  Rendered layout layouts/application.html.erb (Duration: 32.5ms | Allocations: 17786)
Completed 200 OK in 61ms (Views: 40.4ms | ActiveRecord: 1.8ms | Allocations: 26405)


Started POST "/orders" for 127.0.0.1 at 2023-12-06 14:01:19 +0100
Processing by OrdersController#create as TURBO_STREAM
  Parameters: {"authenticity_token"=>"[FILTERED]", "order"=>{"name"=>"QQ", "wheel"=>"0", "engine"=>"1", "gun"=>"0", "welding"=>"0", "ammo"=>"0"}, "commit"=>"Save Order"}
Completed 500 Internal Server Error in 3ms (ActiveRecord: 0.0ms | Allocations: 947)


  
ArgumentError ('1' is not a valid engine):
  
app/controllers/orders_controller.rb:7:in `create'
Started GET "/orders/new" for 127.0.0.1 at 2023-12-06 14:01:44 +0100
Processing by OrdersController#new as HTML
  Rendering layout layouts/application.html.erb
  Rendering orders/new.html.erb within layouts/application
  Rendered orders/new.html.erb within layouts/application (Duration: 3.6ms | Allocations: 2669)
  Rendered layout layouts/application.html.erb (Duration: 44.5ms | Allocations: 17654)
Completed 200 OK in 74ms (Views: 52.2ms | ActiveRecord: 1.9ms | Allocations: 26274)


Started POST "/orders" for 127.0.0.1 at 2023-12-06 14:01:48 +0100
Processing by OrdersController#create as TURBO_STREAM
  Parameters: {"authenticity_token"=>"[FILTERED]", "order"=>{"name"=>"Q", "wheel"=>"Wheel", "engine"=>"V8", "gun"=>"80mm", "welding"=>"Welding", "ammo"=>"Armorperice"}, "commit"=>"Save Order"}
Completed 500 Internal Server Error in 4ms (ActiveRecord: 0.0ms | Allocations: 955)


  
ArgumentError ('Armorperice' is not a valid ammo):
  
app/controllers/orders_controller.rb:7:in `create'
Started GET "/orders/new" for 127.0.0.1 at 2023-12-06 14:02:42 +0100
Processing by OrdersController#new as HTML
  Rendering layout layouts/application.html.erb
  Rendering orders/new.html.erb within layouts/application
  Rendered orders/new.html.erb within layouts/application (Duration: 3.0ms | Allocations: 2672)
  Rendered layout layouts/application.html.erb (Duration: 32.4ms | Allocations: 17657)
Completed 200 OK in 64ms (Views: 40.4ms | ActiveRecord: 2.0ms | Allocations: 26277)


Started POST "/orders" for 127.0.0.1 at 2023-12-06 14:02:46 +0100
Processing by OrdersController#create as TURBO_STREAM
  Parameters: {"authenticity_token"=>"[FILTERED]", "order"=>{"name"=>"Q", "wheel"=>"Wheel", "engine"=>"V8", "gun"=>"80mm", "welding"=>"Welding", "ammo"=>"ArmorPerice"}, "commit"=>"Save Order"}
  [1m[36mTRANSACTION (0.0ms)[0m  [1m[36mbegin transaction[0m
  ↳ app/controllers/orders_controller.rb:8:in `create'
  [1m[36mOrder Create (1.2ms)[0m  [1m[32mINSERT INTO "orders" ("name", "created_at", "updated_at", "wheel", "engine", "gun", "welding", "ammo", "isDone", "orderDeliveredToScheduler") VALUES (?, ?, ?, ?, ?, ?, ?, ?, ?, ?) RETURNING "id"[0m  [["name", "Q"], ["created_at", "2023-12-06 13:02:46.812404"], ["updated_at", "2023-12-06 13:02:46.812404"], ["wheel", 0], ["engine", 0], ["gun", 0], ["welding", 0], ["ammo", 0], ["isDone", nil], ["orderDeliveredToScheduler", nil]]
  ↳ app/controllers/orders_controller.rb:8:in `create'
  [1m[36mTRANSACTION (0.1ms)[0m  [1m[36mcommit transaction[0m
  ↳ app/controllers/orders_controller.rb:8:in `create'
Redirected to http://127.0.0.1:3000/
Completed 302 Found in 8ms (ActiveRecord: 1.3ms | Allocations: 2779)


Started GET "/" for 127.0.0.1 at 2023-12-06 14:02:46 +0100
Processing by OrdersController#index as TURBO_STREAM
  Rendering layout layouts/application.html.erb
  Rendering orders/index.html.erb within layouts/application
  [1m[36mOrder Load (0.1ms)[0m  [1m[34mSELECT "orders".* FROM "orders"[0m
  ↳ app/views/orders/index.html.erb:3
  Rendered orders/index.html.erb within layouts/application (Duration: 2.4ms | Allocations: 977)
  Rendered layout layouts/application.html.erb (Duration: 8.6ms | Allocations: 3314)
Completed 200 OK in 13ms (Views: 9.4ms | ActiveRecord: 0.1ms | Allocations: 3751)


Started GET "/orders/new" for 127.0.0.1 at 2023-12-06 14:02:56 +0100
Processing by OrdersController#new as HTML
  Rendering layout layouts/application.html.erb
  Rendering orders/new.html.erb within layouts/application
  Rendered orders/new.html.erb within layouts/application (Duration: 3.0ms | Allocations: 1949)
  Rendered layout layouts/application.html.erb (Duration: 14.3ms | Allocations: 4075)
Completed 200 OK in 19ms (Views: 15.5ms | ActiveRecord: 0.0ms | Allocations: 4360)


Started POST "/orders" for 127.0.0.1 at 2023-12-06 14:02:59 +0100
Processing by OrdersController#create as TURBO_STREAM
  Parameters: {"authenticity_token"=>"[FILTERED]", "order"=>{"name"=>"", "wheel"=>"BoatPart", "engine"=>"L8", "gun"=>"80mm", "welding"=>"Welding", "ammo"=>"ArmorPerice"}, "commit"=>"Save Order"}
  [1m[36mTRANSACTION (0.1ms)[0m  [1m[36mbegin transaction[0m
  ↳ app/controllers/orders_controller.rb:8:in `create'
  [1m[36mOrder Create (1.3ms)[0m  [1m[32mINSERT INTO "orders" ("name", "created_at", "updated_at", "wheel", "engine", "gun", "welding", "ammo", "isDone", "orderDeliveredToScheduler") VALUES (?, ?, ?, ?, ?, ?, ?, ?, ?, ?) RETURNING "id"[0m  [["name", ""], ["created_at", "2023-12-06 13:02:59.603216"], ["updated_at", "2023-12-06 13:02:59.603216"], ["wheel", 2], ["engine", 2], ["gun", 0], ["welding", 0], ["ammo", 0], ["isDone", nil], ["orderDeliveredToScheduler", nil]]
  ↳ app/controllers/orders_controller.rb:8:in `create'
  [1m[36mTRANSACTION (0.1ms)[0m  [1m[36mcommit transaction[0m
  ↳ app/controllers/orders_controller.rb:8:in `create'
Redirected to http://127.0.0.1:3000/
Completed 302 Found in 10ms (ActiveRecord: 1.5ms | Allocations: 2390)


Started GET "/" for 127.0.0.1 at 2023-12-06 14:02:59 +0100
Processing by OrdersController#index as TURBO_STREAM
  Rendering layout layouts/application.html.erb
  Rendering orders/index.html.erb within layouts/application
  [1m[36mOrder Load (0.2ms)[0m  [1m[34mSELECT "orders".* FROM "orders"[0m
  ↳ app/views/orders/index.html.erb:3
  Rendered orders/index.html.erb within layouts/application (Duration: 2.6ms | Allocations: 676)
  Rendered layout layouts/application.html.erb (Duration: 14.8ms | Allocations: 2986)
Completed 200 OK in 21ms (Views: 15.9ms | ActiveRecord: 0.2ms | Allocations: 3265)


Started GET "/" for 127.0.0.1 at 2023-12-06 14:05:29 +0100
Processing by OrdersController#index as HTML
  Rendering layout layouts/application.html.erb
  Rendering orders/index.html.erb within layouts/application
  [1m[36mOrder Load (0.1ms)[0m  [1m[34mSELECT "orders".* FROM "orders"[0m
  ↳ app/views/orders/index.html.erb:3
  Rendered orders/index.html.erb within layouts/application (Duration: 9.5ms | Allocations: 6087)
  Rendered layout layouts/application.html.erb (Duration: 48.3ms | Allocations: 21311)
Completed 200 OK in 73ms (Views: 52.3ms | ActiveRecord: 3.0ms | Allocations: 25022)


Started GET "/orders/new" for 127.0.0.1 at 2023-12-06 14:05:42 +0100
Processing by OrdersController#new as HTML
  Rendering layout layouts/application.html.erb
  Rendering orders/new.html.erb within layouts/application
  Rendered orders/new.html.erb within layouts/application (Duration: 11.6ms | Allocations: 2470)
  Rendered layout layouts/application.html.erb (Duration: 27.3ms | Allocations: 4598)
Completed 200 OK in 42ms (Views: 29.0ms | ActiveRecord: 0.0ms | Allocations: 4971)


Started POST "/orders" for 127.0.0.1 at 2023-12-06 14:05:54 +0100
Processing by OrdersController#create as TURBO_STREAM
  Parameters: {"authenticity_token"=>"[FILTERED]", "order"=>{"name"=>"TestOrder", "wheel"=>"BoatPart", "engine"=>"Truckv12", "gun"=>"2x60mm", "welding"=>"Rivets", "ammo"=>"Trace"}, "commit"=>"Save Order"}
  [1m[36mTRANSACTION (0.1ms)[0m  [1m[36mbegin transaction[0m
  ↳ app/controllers/orders_controller.rb:8:in `create'
  [1m[36mOrder Create (1.8ms)[0m  [1m[32mINSERT INTO "orders" ("name", "created_at", "updated_at", "wheel", "engine", "gun", "welding", "ammo", "isDone", "orderDeliveredToScheduler") VALUES (?, ?, ?, ?, ?, ?, ?, ?, ?, ?) RETURNING "id"[0m  [["name", "TestOrder"], ["created_at", "2023-12-06 13:05:54.517459"], ["updated_at", "2023-12-06 13:05:54.517459"], ["wheel", 2], ["engine", 1], ["gun", 2], ["welding", 1], ["ammo", 1], ["isDone", nil], ["orderDeliveredToScheduler", nil]]
  ↳ app/controllers/orders_controller.rb:8:in `create'
  [1m[36mTRANSACTION (0.1ms)[0m  [1m[36mcommit transaction[0m
  ↳ app/controllers/orders_controller.rb:8:in `create'
Redirected to http://127.0.0.1:3000/
Completed 302 Found in 12ms (ActiveRecord: 2.0ms | Allocations: 2675)


Started GET "/" for 127.0.0.1 at 2023-12-06 14:05:54 +0100
Processing by OrdersController#index as TURBO_STREAM
  Rendering layout layouts/application.html.erb
  Rendering orders/index.html.erb within layouts/application
  [1m[36mOrder Load (0.1ms)[0m  [1m[34mSELECT "orders".* FROM "orders"[0m
  ↳ app/views/orders/index.html.erb:3
  Rendered orders/index.html.erb within layouts/application (Duration: 1.8ms | Allocations: 701)
  Rendered layout layouts/application.html.erb (Duration: 9.8ms | Allocations: 3029)
Completed 200 OK in 13ms (Views: 10.7ms | ActiveRecord: 0.1ms | Allocations: 3349)


Started GET "/" for 127.0.0.1 at 2023-12-06 14:06:52 +0100
Processing by OrdersController#index as HTML
  Rendering layout layouts/application.html.erb
  Rendering orders/index.html.erb within layouts/application
  [1m[36mOrder Load (0.1ms)[0m  [1m[34mSELECT "orders".* FROM "orders"[0m
  ↳ app/views/orders/index.html.erb:3
  Rendered orders/index.html.erb within layouts/application (Duration: 8.8ms | Allocations: 6153)
  Rendered layout layouts/application.html.erb (Duration: 46.1ms | Allocations: 21414)
Completed 200 OK in 69ms (Views: 51.0ms | ActiveRecord: 2.8ms | Allocations: 25130)


Started GET "/orders/new" for 127.0.0.1 at 2023-12-06 14:06:56 +0100
Processing by OrdersController#new as HTML
  Rendering layout layouts/application.html.erb
  Rendering orders/new.html.erb within layouts/application
  Rendered orders/new.html.erb within layouts/application (Duration: 2.7ms | Allocations: 2468)
  Rendered layout layouts/application.html.erb (Duration: 12.2ms | Allocations: 4594)
Completed 200 OK in 17ms (Views: 12.9ms | ActiveRecord: 0.0ms | Allocations: 4967)


Started POST "/orders" for 127.0.0.1 at 2023-12-06 14:06:59 +0100
Processing by OrdersController#create as TURBO_STREAM
  Parameters: {"authenticity_token"=>"[FILTERED]", "order"=>{"name"=>"Q", "wheel"=>"Wheel", "engine"=>"V8", "gun"=>"80mm", "welding"=>"Bolts", "ammo"=>"ArmorPerice"}, "commit"=>"Save Order"}
  [1m[36mTRANSACTION (0.0ms)[0m  [1m[36mbegin transaction[0m
  ↳ app/controllers/orders_controller.rb:10:in `create'
  [1m[36mOrder Create (1.2ms)[0m  [1m[32mINSERT INTO "orders" ("name", "created_at", "updated_at", "wheel", "engine", "gun", "welding", "ammo", "isDone", "orderDeliveredToScheduler") VALUES (?, ?, ?, ?, ?, ?, ?, ?, ?, ?) RETURNING "id"[0m  [["name", "Q"], ["created_at", "2023-12-06 13:06:59.811003"], ["updated_at", "2023-12-06 13:06:59.811003"], ["wheel", 0], ["engine", 0], ["gun", 0], ["welding", 2], ["ammo", 0], ["isDone", 0], ["orderDeliveredToScheduler", 0]]
  ↳ app/controllers/orders_controller.rb:10:in `create'
  [1m[36mTRANSACTION (0.1ms)[0m  [1m[36mcommit transaction[0m
  ↳ app/controllers/orders_controller.rb:10:in `create'
Redirected to http://127.0.0.1:3000/
Completed 302 Found in 9ms (ActiveRecord: 1.4ms | Allocations: 2663)


Started GET "/" for 127.0.0.1 at 2023-12-06 14:06:59 +0100
Processing by OrdersController#index as TURBO_STREAM
  Rendering layout layouts/application.html.erb
  Rendering orders/index.html.erb within layouts/application
  [1m[36mOrder Load (0.1ms)[0m  [1m[34mSELECT "orders".* FROM "orders"[0m
  ↳ app/views/orders/index.html.erb:3
  Rendered orders/index.html.erb within layouts/application (Duration: 1.4ms | Allocations: 723)
  Rendered layout layouts/application.html.erb (Duration: 8.4ms | Allocations: 3084)
Completed 200 OK in 12ms (Views: 9.3ms | ActiveRecord: 0.1ms | Allocations: 3404)


Started GET "/" for ::1 at 2023-12-06 14:20:51 +0100
  [1m[36mActiveRecord::SchemaMigration Load (0.2ms)[0m  [1m[34mSELECT "schema_migrations"."version" FROM "schema_migrations" ORDER BY "schema_migrations"."version" ASC[0m
Processing by OrdersController#index as HTML
  Rendering layout layouts/application.html.erb
  Rendering orders/index.html.erb within layouts/application
  [1m[36mOrder Load (0.2ms)[0m  [1m[34mSELECT "orders".* FROM "orders"[0m
  ↳ app/views/orders/index.html.erb:3
  Rendered orders/index.html.erb within layouts/application (Duration: 81.0ms | Allocations: 17929)
  Rendered layout layouts/application.html.erb (Duration: 215.6ms | Allocations: 58817)
Completed 200 OK in 336ms (Views: 232.1ms | ActiveRecord: 2.2ms | Allocations: 72138)


  [1m[36mActiveRecord::InternalMetadata Load (0.1ms)[0m  [1m[34mSELECT * FROM "ar_internal_metadata" WHERE "ar_internal_metadata"."key" = ? ORDER BY "ar_internal_metadata"."key" ASC LIMIT 1[0m  [[nil, "environment"]]
  [1m[36mActiveRecord::SchemaMigration Load (0.2ms)[0m  [1m[34mSELECT "schema_migrations"."version" FROM "schema_migrations" ORDER BY "schema_migrations"."version" ASC[0m
Migrating to FixColumnName (20231207104531)
  [1m[36mTRANSACTION (0.1ms)[0m  [1m[36mbegin transaction[0m
  [1m[35m (0.0ms)[0m  [1m[35mPRAGMA foreign_keys[0m
  [1m[35m (0.0ms)[0m  [1m[35mPRAGMA defer_foreign_keys[0m
  [1m[35m (0.0ms)[0m  [1m[35mPRAGMA defer_foreign_keys = ON[0m
  [1m[35m (0.0ms)[0m  [1m[35mPRAGMA foreign_keys = OFF[0m
  [1m[35m (0.6ms)[0m  [1m[35mCREATE TEMPORARY TABLE "aorders" ("id" integer PRIMARY KEY AUTOINCREMENT NOT NULL, "name" varchar DEFAULT NULL, "created_at" datetime(6) NOT NULL, "updated_at" datetime(6) NOT NULL, "wheel" integer DEFAULT NULL, "engine" integer DEFAULT NULL, "gun" integer DEFAULT NULL, "welding" integer DEFAULT NULL, "ammo" integer DEFAULT NULL, "isdone" boolean DEFAULT NULL, "orderDeliveredToScheduler" boolean DEFAULT NULL)[0m
  [1m[35m (0.1ms)[0m  [1m[32mINSERT INTO "aorders" ("id","name","created_at","updated_at","wheel","engine","gun","welding","ammo","isdone","orderDeliveredToScheduler")
                     SELECT "id","name","created_at","updated_at","wheel","engine","gun","welding","ammo","isDone","orderDeliveredToScheduler" FROM "orders"[0m
  [1m[35m (0.1ms)[0m  [1m[35mDROP TABLE "orders"[0m
  [1m[35m (0.1ms)[0m  [1m[35mCREATE TABLE "orders" ("id" integer PRIMARY KEY AUTOINCREMENT NOT NULL, "name" varchar DEFAULT NULL, "created_at" datetime(6) NOT NULL, "updated_at" datetime(6) NOT NULL, "wheel" integer DEFAULT NULL, "engine" integer DEFAULT NULL, "gun" integer DEFAULT NULL, "welding" integer DEFAULT NULL, "ammo" integer DEFAULT NULL, "isdone" boolean DEFAULT NULL, "orderDeliveredToScheduler" boolean DEFAULT NULL)[0m
  [1m[35m (0.1ms)[0m  [1m[32mINSERT INTO "orders" ("id","name","created_at","updated_at","wheel","engine","gun","welding","ammo","isdone","orderDeliveredToScheduler")
                     SELECT "id","name","created_at","updated_at","wheel","engine","gun","welding","ammo","isdone","orderDeliveredToScheduler" FROM "aorders"[0m
  [1m[35m (0.1ms)[0m  [1m[35mDROP TABLE "aorders"[0m
  [1m[35m (0.0ms)[0m  [1m[35mPRAGMA defer_foreign_keys = 0[0m
  [1m[35m (0.0ms)[0m  [1m[35mPRAGMA foreign_keys = 1[0m
  [1m[36mActiveRecord::SchemaMigration Create (0.1ms)[0m  [1m[32mINSERT INTO "schema_migrations" ("version") VALUES ('20231207104531') RETURNING "version"[0m
  [1m[36mTRANSACTION (1.4ms)[0m  [1m[36mcommit transaction[0m
  [1m[36mActiveRecord::SchemaMigration Load (0.0ms)[0m  [1m[34mSELECT "schema_migrations"."version" FROM "schema_migrations" ORDER BY "schema_migrations"."version" ASC[0m
